2015-03-11 22:55:44 1.5.3 read_netdata(1) Timeout of 14 seconds elapsed, during waiting for data, without any reply from the FR server, giving up the connection.
2015-07-18 17:15:49 1.5.3 FATAL ERROR: FulRecall received signal 6 and exits now without saving anything.
2015-07-25 10:58:50 1.5.3 FATAL ERROR: FulRecall received signal 6 and exits now without saving anything.
2015-07-31 21:07:08 1.5.3 playSound(/Users/adam/fullrecalldb/snds/ukbackc011_0.mp3): the file doesn't exist
2015-07-31 21:07:09 1.5.3 playSound(/Users/adam/fullrecalldb/snds/ukbackc011_0.mp3): the file doesn't exist
2015-07-31 21:07:10 1.5.3 playSound(/Users/adam/fullrecalldb/snds/ukbackc011_0.mp3): the file doesn't exist
2015-07-31 21:07:10 1.5.3 playSound(/Users/adam/fullrecalldb/snds/ukbackc011_0.mp3): the file doesn't exist
2015-08-01 17:01:31 1.5.3 playSound(/Users/adam/fullrecalldb/snds/ukscrum020.mp3): the file doesn't exist
2015-08-01 17:01:34 1.5.3 playSound(/Users/adam/fullrecalldb/snds/ukscrum020.mp3): the file doesn't exist
2015-08-01 17:01:37 1.5.3 playSound(/Users/adam/fullrecalldb/snds/ukscrum020.mp3): the file doesn't exist
2015-08-01 17:01:45 1.5.3 playSound(/Users/adam/fullrecalldb/snds/ukscrum020.mp3): the file doesn't exist
2015-08-01 17:01:53 1.5.3 playSound(/Users/adam/fullrecalldb/snds/ukscrum020.mp3): the file doesn't exist
2015-08-01 17:01:54 1.5.3 playSound(/Users/adam/fullrecalldb/snds/ukscrum020.mp3): the file doesn't exist
2015-08-01 17:01:58 1.5.3 playSound(/Users/adam/fullrecalldb/snds/ukscrum020.mp3): the file doesn't exist
2015-08-01 17:01:59 1.5.3 playSound(/Users/adam/fullrecalldb/snds/ukscrum020.mp3): the file doesn't exist
2015-09-09 18:56:10 1.5.3 read_netdata(1) Timeout of 14 seconds elapsed, during waiting for data, without any reply from the FR server, giving up the connection.
2015-09-14 15:40:45 1.5.3 Error while deleting lock file (/Users/adam/fullrecalldb/lockfile); No such file or directory
2015-09-18 11:39:37 1.5.3 read_netdata(1) Timeout of 14 seconds elapsed, during waiting for data, without any reply from the FR server, giving up the connection.
2015-09-28 20:17:30 1.5.3 playSound(/Users/adam/fullrecalldb/snds/ukperki008.mp3): the file doesn't exist
2015-09-28 20:17:31 1.5.3 playSound(/Users/adam/fullrecalldb/snds/ukperki008.mp3): the file doesn't exist
2015-09-28 20:17:31 1.5.3 playSound(/Users/adam/fullrecalldb/snds/ukperki008.mp3): the file doesn't exist
2015-09-28 20:17:32 1.5.3 playSound(/Users/adam/fullrecalldb/snds/ukperki008.mp3): the file doesn't exist
2015-09-28 20:17:32 1.5.3 playSound(/Users/adam/fullrecalldb/snds/ukperki008.mp3): the file doesn't exist
2015-09-28 20:17:32 1.5.3 playSound(/Users/adam/fullrecalldb/snds/ukperki008.mp3): the file doesn't exist
2015-09-28 20:17:32 1.5.3 playSound(/Users/adam/fullrecalldb/snds/ukperki008.mp3): the file doesn't exist
2015-09-28 20:17:32 1.5.3 playSound(/Users/adam/fullrecalldb/snds/ukperki008.mp3): the file doesn't exist
2015-09-28 20:19:17 1.5.3 playSound(/Users/adam/fullrecalldb/snds/ukredou009.mp3): the file doesn't exist
2015-09-28 20:19:58 1.5.3 playSound(/Users/adam/fullrecalldb/snds/ukcld01032.mp3): the file doesn't exist
2015-10-22 23:04:47 1.5.3 FATAL ERROR: FulRecall received signal 6 and exits now without saving anything.
2016-02-09 09:27:56 1.5.3 read_netdata(1) Timeout of 14 seconds elapsed, during waiting for data, without any reply from the FR server, giving up the connection.
2016-02-10 11:41:37 1.5.3 read_netdata(1) Timeout of 14 seconds elapsed, during waiting for data, without any reply from the FR server, giving up the connection.
2016-02-10 23:22:40 1.5.3 read_netdata(1) Timeout of 14 seconds elapsed, during waiting for data, without any reply from the FR server, giving up the connection.
2016-02-27 11:55:37 1.5.3 FATAL ERROR: FulRecall received signal 6 and exits now without saving anything.
2016-03-04 15:38:38 1.5.3 read_netdata(1) Timeout of 14 seconds elapsed, during waiting for data, without any reply from the FR server, giving up the connection.
2016-03-04 15:39:01 1.5.3 read_netdata(1) Timeout of 14 seconds elapsed, during waiting for data, without any reply from the FR server, giving up the connection.
2016-03-16 11:55:57 1.5.3 read_netdata(1) Timeout of 14 seconds elapsed, during waiting for data, without any reply from the FR server, giving up the connection.
2016-04-09 11:49:39 1.5.3 FATAL ERROR: FulRecall received signal 6 and exits now without saving anything.
2016-04-11 22:25:13 1.5.3 FATAL ERROR: FulRecall received signal 6 and exits now without saving anything.
2016-04-17 16:27:10 1.5.3 read_netdata(1) Timeout of 14 seconds elapsed, during waiting for data, without any reply from the FR server, giving up the connection.
2016-04-27 23:00:46 1.5.3 read_netdata(1) Timeout of 14 seconds elapsed, during waiting for data, without any reply from the FR server, giving up the connection.
2016-05-04 20:38:37 1.5.3 read_netdata(1) Timeout of 14 seconds elapsed, during waiting for data, without any reply from the FR server, giving up the connection.
2016-05-09 23:00:37 1.5.3 read_netdata(1) Timeout of 14 seconds elapsed, during waiting for data, without any reply from the FR server, giving up the connection.
2016-06-20 16:22:00 1.5.3 playSound(/Users/adam/fullrecalldb/D:/fr-media/uklaidb003.mp3): the file doesn't exist
2016-06-20 16:22:03 1.5.3 playSound(/Users/adam/fullrecalldb/D:/fr-media/uklaidb003.mp3): the file doesn't exist
2016-06-20 16:22:04 1.5.3 playSound(/Users/adam/fullrecalldb/D:/fr-media/uklaidb003.mp3): the file doesn't exist
2016-06-20 16:22:04 1.5.3 playSound(/Users/adam/fullrecalldb/D:/fr-media/uklaidb003.mp3): the file doesn't exist
2016-06-20 16:22:05 1.5.3 playSound(/Users/adam/fullrecalldb/D:/fr-media/uklaidb003.mp3): the file doesn't exist
2016-06-20 16:22:05 1.5.3 playSound(/Users/adam/fullrecalldb/D:/fr-media/uklaidb003.mp3): the file doesn't exist
2016-06-20 16:22:12 1.5.3 playSound(/Users/adam/fullrecalldb/D:/fr-media/uklaidb003.mp3): the file doesn't exist
2016-06-20 16:22:13 1.5.3 playSound(/Users/adam/fullrecalldb/D:/fr-media/uklaidb003.mp3): the file doesn't exist
2016-06-20 16:22:16 1.5.3 playSound(/Users/adam/fullrecalldb/D:/fr-media/uklaidb003.mp3): the file doesn't exist
2016-06-20 16:22:17 1.5.3 playSound(/Users/adam/fullrecalldb/D:/fr-media/uklaidb003.mp3): the file doesn't exist
2016-06-20 16:24:26 1.5.3 playSound(/Users/adam/fullrecalldb/D:/fr-media/uklaidb003.mp3): the file doesn't exist
2016-06-20 16:24:27 1.5.3 playSound(/Users/adam/fullrecalldb/D:/fr-media/uklaidb003.mp3): the file doesn't exist
2016-06-20 16:24:28 1.5.3 playSound(/Users/adam/fullrecalldb/D:/fr-media/uklaidb003.mp3): the file doesn't exist
2016-06-20 16:24:29 1.5.3 playSound(/Users/adam/fullrecalldb/D:/fr-media/uklaidb003.mp3): the file doesn't exist
2016-06-20 16:25:15 1.5.3 playSound(/Users/adam/fullrecalldb/D:/fr-media/ukbacks017.mp3): the file doesn't exist
2016-06-20 16:25:17 1.5.3 playSound(/Users/adam/fullrecalldb/D:/fr-media/ukbacks017.mp3): the file doesn't exist
2016-06-21 15:18:56 1.5.3 playSound(/Users/adam/fullrecalldb/D:/fr-media/ukbeau_026.mp3): the file doesn't exist
2016-06-21 15:18:59 1.5.3 playSound(/Users/adam/fullrecalldb/D:/fr-media/ukbeau_026.mp3): the file doesn't exist
2016-06-21 15:19:01 1.5.3 playSound(/Users/adam/fullrecalldb/D:/fr-media/ukbeau_026.mp3): the file doesn't exist
2016-06-21 15:19:01 1.5.3 playSound(/Users/adam/fullrecalldb/D:/fr-media/ukbeau_026.mp3): the file doesn't exist
2016-06-21 15:22:07 1.5.3 playSound(/Users/adam/fullrecalldb/D:/fr-media/ukbeau_026.mp3): the file doesn't exist
2016-06-21 15:22:09 1.5.3 playSound(/Users/adam/fullrecalldb/D:/fr-media/ukbeau_026.mp3): the file doesn't exist
2016-06-21 15:22:10 1.5.3 playSound(/Users/adam/fullrecalldb/D:/fr-media/ukbeau_026.mp3): the file doesn't exist
2016-06-21 15:22:10 1.5.3 playSound(/Users/adam/fullrecalldb/D:/fr-media/ukbeau_026.mp3): the file doesn't exist
2016-06-21 15:22:10 1.5.3 playSound(/Users/adam/fullrecalldb/D:/fr-media/ukbeau_026.mp3): the file doesn't exist
2016-06-21 15:23:36 1.5.3 playSound(/Users/adam/fullrecalldb/snds/ukbeau_026.mp3): the file doesn't exist
2016-06-21 15:23:36 1.5.3 playSound(/Users/adam/fullrecalldb/snds/ukbeau_026.mp3): the file doesn't exist
2016-06-21 15:23:37 1.5.3 playSound(/Users/adam/fullrecalldb/snds/ukbeau_026.mp3): the file doesn't exist
2016-06-21 15:25:40 1.5.3 playSound(/Users/adam/fullrecalldb/snds/ukbeau_026.mp3): the file doesn't exist
2016-06-21 15:25:43 1.5.3 playSound(/Users/adam/fullrecalldb/snds/ukbeau_026.mp3): the file doesn't exist
2016-06-21 15:26:59 1.5.3 playSound(/Users/adam/fullrecalldb/snds/ukbeau_026.mp3): the file doesn't exist
2016-06-21 15:27:01 1.5.3 playSound(/Users/adam/fullrecalldb/snds/ukbeau_026.mp3): the file doesn't exist
2016-06-21 15:27:43 1.5.3 playSound(/Users/adam/fullrecalldb/D:/fr-media/ukcaval021.mp3): the file doesn't exist
2016-06-22 18:01:53 1.5.3 playSound(/Users/adam/fullrecalldb/D:/fr-media/ukrestr020.mp3): the file doesn't exist
2016-06-22 18:01:57 1.5.3 playSound(/Users/adam/fullrecalldb/D:/fr-media/ukrestr020.mp3): the file doesn't exist
2016-06-22 18:02:14 1.5.3 playSound(/Users/adam/fullrecalldb/snds/ukrestr020.mp3): the file doesn't exist
2016-06-22 18:02:14 1.5.3 playSound(/Users/adam/fullrecalldb/snds/ukrestr020.mp3): the file doesn't exist
2016-06-22 18:02:15 1.5.3 playSound(/Users/adam/fullrecalldb/snds/ukrestr020.mp3): the file doesn't exist
2016-06-22 18:02:15 1.5.3 playSound(/Users/adam/fullrecalldb/snds/ukrestr020.mp3): the file doesn't exist
2016-06-22 18:02:15 1.5.3 playSound(/Users/adam/fullrecalldb/snds/ukrestr020.mp3): the file doesn't exist
2016-06-22 18:02:15 1.5.3 playSound(/Users/adam/fullrecalldb/snds/ukrestr020.mp3): the file doesn't exist
2016-06-22 18:02:15 1.5.3 playSound(/Users/adam/fullrecalldb/snds/ukrestr020.mp3): the file doesn't exist
2016-06-22 18:02:16 1.5.3 playSound(/Users/adam/fullrecalldb/snds/ukrestr020.mp3): the file doesn't exist
2016-06-22 18:02:16 1.5.3 playSound(/Users/adam/fullrecalldb/snds/ukrestr020.mp3): the file doesn't exist
2016-06-22 18:02:16 1.5.3 playSound(/Users/adam/fullrecalldb/snds/ukrestr020.mp3): the file doesn't exist
2016-06-22 18:02:16 1.5.3 playSound(/Users/adam/fullrecalldb/snds/ukrestr020.mp3): the file doesn't exist
2016-06-22 18:02:17 1.5.3 playSound(/Users/adam/fullrecalldb/snds/ukrestr020.mp3): the file doesn't exist
2016-06-22 18:02:17 1.5.3 playSound(/Users/adam/fullrecalldb/snds/ukrestr020.mp3): the file doesn't exist
2016-06-22 18:02:17 1.5.3 playSound(/Users/adam/fullrecalldb/snds/ukrestr020.mp3): the file doesn't exist
2016-06-22 18:02:17 1.5.3 playSound(/Users/adam/fullrecalldb/snds/ukrestr020.mp3): the file doesn't exist
2016-06-22 18:02:17 1.5.3 playSound(/Users/adam/fullrecalldb/snds/ukrestr020.mp3): the file doesn't exist
2016-06-22 18:02:17 1.5.3 playSound(/Users/adam/fullrecalldb/snds/ukrestr020.mp3): the file doesn't exist
2016-06-22 18:02:18 1.5.3 playSound(/Users/adam/fullrecalldb/snds/ukrestr020.mp3): the file doesn't exist
2016-06-22 18:02:18 1.5.3 playSound(/Users/adam/fullrecalldb/snds/ukrestr020.mp3): the file doesn't exist
2016-06-22 18:02:18 1.5.3 playSound(/Users/adam/fullrecalldb/snds/ukrestr020.mp3): the file doesn't exist
2016-06-22 18:02:18 1.5.3 playSound(/Users/adam/fullrecalldb/snds/ukrestr020.mp3): the file doesn't exist
2016-06-22 18:02:18 1.5.3 playSound(/Users/adam/fullrecalldb/snds/ukrestr020.mp3): the file doesn't exist
2016-06-22 18:02:19 1.5.3 playSound(/Users/adam/fullrecalldb/snds/ukrestr020.mp3): the file doesn't exist
2016-06-22 18:02:19 1.5.3 playSound(/Users/adam/fullrecalldb/snds/ukrestr020.mp3): the file doesn't exist
2016-06-22 18:02:19 1.5.3 playSound(/Users/adam/fullrecalldb/snds/ukrestr020.mp3): the file doesn't exist
2016-06-22 18:02:19 1.5.3 playSound(/Users/adam/fullrecalldb/snds/ukrestr020.mp3): the file doesn't exist
2016-06-22 18:02:19 1.5.3 playSound(/Users/adam/fullrecalldb/snds/ukrestr020.mp3): the file doesn't exist
2016-06-22 18:02:20 1.5.3 playSound(/Users/adam/fullrecalldb/snds/ukrestr020.mp3): the file doesn't exist
2016-06-22 18:02:20 1.5.3 playSound(/Users/adam/fullrecalldb/snds/ukrestr020.mp3): the file doesn't exist
2016-06-22 18:02:20 1.5.3 playSound(/Users/adam/fullrecalldb/snds/ukrestr020.mp3): the file doesn't exist
2016-06-22 18:02:20 1.5.3 playSound(/Users/adam/fullrecalldb/snds/ukrestr020.mp3): the file doesn't exist
2016-06-22 18:02:22 1.5.3 playSound(/Users/adam/fullrecalldb/snds/ukrestr020.mp3): the file doesn't exist
2016-06-23 15:50:33 1.5.3 playSound(/Users/adam/fullrecalldb/D:/fr-media/ukbacks017.mp3): the file doesn't exist
2016-06-24 16:10:39 1.5.3 playSound(/Users/adam/fullrecalldb/D:/fr-media/ukauror020.mp3): the file doesn't exist
2016-06-24 16:10:43 1.5.3 playSound(/Users/adam/fullrecalldb/D:/fr-media/ukauror020.mp3): the file doesn't exist
2016-06-24 16:10:43 1.5.3 playSound(/Users/adam/fullrecalldb/D:/fr-media/ukauror020.mp3): the file doesn't exist
2016-06-24 16:10:43 1.5.3 playSound(/Users/adam/fullrecalldb/D:/fr-media/ukauror020.mp3): the file doesn't exist
2016-06-24 16:19:25 1.5.3 playSound(/Users/adam/fullrecalldb/D:/fr-media/ukcirrh008.mp3): the file doesn't exist
2016-06-24 16:19:30 1.5.3 playSound(/Users/adam/fullrecalldb/D:/fr-media/ukcirrh008.mp3): the file doesn't exist
2016-06-24 16:19:30 1.5.3 playSound(/Users/adam/fullrecalldb/D:/fr-media/ukcirrh008.mp3): the file doesn't exist
2016-06-24 16:20:17 1.5.3 playSound(/Users/adam/fullrecalldb/D:/fr-media/ukcaval021.mp3): the file doesn't exist
2016-06-27 22:28:41 1.5.3 playSound(/Users/adam/fullrecalldb/D:/fr-media/uklaidb003.mp3): the file doesn't exist
2016-06-27 22:37:32 1.5.3 read_netdata(1) Timeout of 14 seconds elapsed, during waiting for data, without any reply from the FR server, giving up the connection.
2016-06-29 10:08:48 1.5.3 playSound(/Users/adam/fullrecalldb/D:/fr-media/ukbacks017.mp3): the file doesn't exist
2016-06-29 10:08:53 1.5.3 playSound(/Users/adam/fullrecalldb/D:/fr-media/ukbacks017.mp3): the file doesn't exist
2016-07-21 18:59:49 1.5.3 playSound(/Users/adam/fullrecalldb/E:/fr-media/epd03554.mp3): the file doesn't exist
2016-07-21 18:59:52 1.5.3 playSound(/Users/adam/fullrecalldb/E:/fr-media/epd03554.mp3): the file doesn't exist
2016-07-21 18:59:52 1.5.3 playSound(/Users/adam/fullrecalldb/E:/fr-media/epd03554.mp3): the file doesn't exist
2016-07-21 18:59:54 1.5.3 playSound(/Users/adam/fullrecalldb/E:/fr-media/epd03554.mp3): the file doesn't exist
2016-07-21 19:00:12 1.5.3 playSound(/Users/adam/fullrecalldb/snds/epd03554.mp3): the file doesn't exist
2016-07-21 19:00:15 1.5.3 playSound(/Users/adam/fullrecalldb/snds/epd03554.mp3): the file doesn't exist
2016-07-21 19:00:16 1.5.3 playSound(/Users/adam/fullrecalldb/snds/epd03554.mp3): the file doesn't exist
2016-07-21 19:00:16 1.5.3 playSound(/Users/adam/fullrecalldb/snds/epd03554.mp3): the file doesn't exist
2016-07-21 19:01:00 1.5.3 playSound(/Users/adam/fullrecalldb/snds/epd03554.mp3): the file doesn't exist
2016-07-24 22:37:33 1.5.3 read_netdata(1) Timeout of 14 seconds elapsed, during waiting for data, without any reply from the FR server, giving up the connection.
2016-07-26 11:33:02 1.5.3 playSound(/Users/adam/fullrecalldb/E:/fr-media/ukprice009.mp3): the file doesn't exist
2016-07-26 11:33:24 1.5.3 playSound(/Users/adam/fullrecalldb/E:/fr-media/ukprice009.mp3): the file doesn't exist
2016-07-26 11:33:52 1.5.3 playSound(/Users/adam/fullrecalldb/snds/ukprice009.mp3): the file doesn't exist
2016-07-26 11:33:55 1.5.3 playSound(/Users/adam/fullrecalldb/snds/ukprice009.mp3): the file doesn't exist
2016-07-26 11:34:05 1.5.3 playSound(/Users/adam/fullrecalldb/snds/ukprice009.mp3): the file doesn't exist
2016-07-26 11:35:37 1.5.3 playSound(/Users/adam/fullrecalldb/E:/fr-media/uknoctu006.mp3): the file doesn't exist
2016-07-26 11:35:39 1.5.3 playSound(/Users/adam/fullrecalldb/E:/fr-media/uknoctu006.mp3): the file doesn't exist
2016-07-26 11:36:55 1.5.3 playSound(/Users/adam/fullrecalldb/snds/uknoctu006.mp3): the file doesn't exist
2016-07-26 11:39:09 1.5.3 playSound(/Users/adam/fullrecalldb/E:/fr-media/ukverit026.mp3): the file doesn't exist
2016-07-26 11:39:10 1.5.3 playSound(/Users/adam/fullrecalldb/E:/fr-media/ukverit026.mp3): the file doesn't exist
2016-07-26 11:39:26 1.5.3 playSound(/Users/adam/fullrecalldb/snds/ukverit026.mp3): the file doesn't exist
2016-07-26 11:40:22 1.5.3 playSound(/Users/adam/fullrecalldb/E:/fr-media/uklinct003.mp3): the file doesn't exist
2016-07-26 11:40:37 1.5.3 playSound(/Users/adam/fullrecalldb/E:/fr-media/ukimmac010.mp3): the file doesn't exist
2016-07-26 11:40:38 1.5.3 playSound(/Users/adam/fullrecalldb/E:/fr-media/ukimmac010.mp3): the file doesn't exist
2016-07-26 11:40:46 1.5.3 playSound(/Users/adam/fullrecalldb/snds/ukimmac010.mp3): the file doesn't exist
2016-07-26 11:41:52 1.5.3 playSound(/Users/adam/fullrecalldb/E:/fr-media/uklinct003.mp3): the file doesn't exist
2016-07-26 11:41:54 1.5.3 playSound(/Users/adam/fullrecalldb/E:/fr-media/uklinct003.mp3): the file doesn't exist
2016-07-26 11:42:11 1.5.3 playSound(/Users/adam/fullrecalldb/snds/uklinct003.mp3): the file doesn't exist
2016-07-26 11:42:42 1.5.3 playSound(/Users/adam/fullrecalldb/E:/fr-media/ukexten018.mp3): the file doesn't exist
2016-07-26 11:42:44 1.5.3 playSound(/Users/adam/fullrecalldb/E:/fr-media/ukexten018.mp3): the file doesn't exist
2016-07-26 11:42:59 1.5.3 playSound(/Users/adam/fullrecalldb/snds/ukexten018.mp3): the file doesn't exist
2016-07-27 11:05:53 1.5.3 playSound(/Users/adam/fullrecalldb/E:/fr-media/ukregen025.mp3): the file doesn't exist
2016-07-27 11:05:55 1.5.3 playSound(/Users/adam/fullrecalldb/E:/fr-media/ukregen025.mp3): the file doesn't exist
2016-07-27 11:06:04 1.5.3 playSound(/Users/adam/fullrecalldb/snds/ukregen025.mp3): the file doesn't exist
2016-07-27 11:08:02 1.5.3 playSound(/Users/adam/fullrecalldb/E:/fr-media/uktypho021.mp3): the file doesn't exist
2016-07-27 11:08:05 1.5.3 playSound(/Users/adam/fullrecalldb/E:/fr-media/uktypho021.mp3): the file doesn't exist
2016-07-27 11:08:13 1.5.3 playSound(/Users/adam/fullrecalldb/snds/uktypho021.mp3): the file doesn't exist
2016-07-27 11:09:23 1.5.3 playSound(/Users/adam/fullrecalldb/E:/fr-media/ukdesir007.mp3): the file doesn't exist
2016-07-27 11:09:24 1.5.3 playSound(/Users/adam/fullrecalldb/E:/fr-media/ukdesir007.mp3): the file doesn't exist
2016-07-27 11:09:33 1.5.3 playSound(/Users/adam/fullrecalldb/snds/ukdesir007.mp3): the file doesn't exist
2016-07-27 11:10:59 1.5.3 playSound(/Users/adam/fullrecalldb/E:/fr-media/e18uk00218.mp3): the file doesn't exist
2016-07-27 11:11:10 1.5.3 playSound(/Users/adam/fullrecalldb/snds/e18uk00218.mp3): the file doesn't exist
2016-07-27 11:12:31 1.5.3 playSound(/Users/adam/fullrecalldb/E:/fr-media/exhaustfumes.mp3): the file doesn't exist
2016-07-27 11:12:33 1.5.3 playSound(/Users/adam/fullrecalldb/E:/fr-media/exhaustfumes.mp3): the file doesn't exist
2016-07-27 11:13:07 1.5.3 playSound(/Users/adam/fullrecalldb/snds/exhaustfumes.mp3): the file doesn't exist
2016-07-27 11:16:33 1.5.3 playSound(/Users/adam/fullrecalldb/snds/exhaustfumes.mp3): the file doesn't exist
2016-07-27 11:18:53 1.5.3 playSound(/Users/adam/fullrecalldb/E:/fr-media/ukworks006.mp3): the file doesn't exist
2016-07-27 11:18:55 1.5.3 playSound(/Users/adam/fullrecalldb/E:/fr-media/ukworks006.mp3): the file doesn't exist
2016-07-28 11:55:24 1.5.3 playSound(/Users/adam/fullrecalldb/E:/fr-media/ukcaval021.mp3): the file doesn't exist
2016-07-28 11:55:27 1.5.3 playSound(/Users/adam/fullrecalldb/E:/fr-media/ukcaval021.mp3): the file doesn't exist
2016-07-28 11:55:27 1.5.3 playSound(/Users/adam/fullrecalldb/E:/fr-media/ukcaval021.mp3): the file doesn't exist
2016-07-28 11:55:54 1.5.3 playSound(/Users/adam/fullrecalldb/snds/ukcaval021.mp3): the file doesn't exist
2016-07-28 11:55:55 1.5.3 playSound(/Users/adam/fullrecalldb/snds/ukcaval021.mp3): the file doesn't exist
2016-07-28 11:55:55 1.5.3 playSound(/Users/adam/fullrecalldb/snds/ukcaval021.mp3): the file doesn't exist
2016-07-28 12:10:16 1.5.3 playSound(/Users/adam/fullrecalldb/E:/fr-media/ukfink_030.mp3): the file doesn't exist
2016-07-28 12:10:18 1.5.3 playSound(/Users/adam/fullrecalldb/E:/fr-media/ukfink_030.mp3): the file doesn't exist
2016-07-28 12:10:37 1.5.3 playSound(/Users/adam/fullrecalldb/E:/fr-media/ukfink_030.mp3): the file doesn't exist
2016-07-28 12:10:37 1.5.3 playSound(/Users/adam/fullrecalldb/E:/fr-media/ukfink_030.mp3): the file doesn't exist
2016-07-28 12:10:56 1.5.3 playSound(/Users/adam/fullrecalldb/snds/ukfink_030.mp3): the file doesn't exist
2016-07-28 12:13:16 1.5.3 playSound(/Users/adam/fullrecalldb/E:/fr-media/ukcompr014.mp3): the file doesn't exist
2016-07-28 12:13:19 1.5.3 playSound(/Users/adam/fullrecalldb/E:/fr-media/ukcompr014.mp3): the file doesn't exist
2016-07-28 12:13:19 1.5.3 playSound(/Users/adam/fullrecalldb/E:/fr-media/ukcompr014.mp3): the file doesn't exist
2016-07-28 12:13:20 1.5.3 playSound(/Users/adam/fullrecalldb/E:/fr-media/ukcompr014.mp3): the file doesn't exist
2016-07-28 12:13:21 1.5.3 playSound(/Users/adam/fullrecalldb/E:/fr-media/ukcompr014.mp3): the file doesn't exist
2016-07-28 12:13:44 1.5.3 playSound(/Users/adam/fullrecalldb/E:/fr-media/ukcompr014.mp3): the file doesn't exist
2016-07-28 12:17:01 1.5.3 playSound(/Users/adam/fullrecalldb/E:/fr-media/ukcompe024.mp3): the file doesn't exist
2016-07-28 12:17:04 1.5.3 playSound(/Users/adam/fullrecalldb/E:/fr-media/ukcompe024.mp3): the file doesn't exist
2016-07-28 12:17:26 1.5.3 playSound(/Users/adam/fullrecalldb/snds/ukcompe024.mp3): the file doesn't exist
2016-07-28 12:17:54 1.5.3 playSound(/Users/adam/fullrecalldb/E:/fr-media/ukarcha028.mp3): the file doesn't exist
2016-07-28 12:17:56 1.5.3 playSound(/Users/adam/fullrecalldb/E:/fr-media/ukarcha028.mp3): the file doesn't exist
2016-07-28 12:17:57 1.5.3 playSound(/Users/adam/fullrecalldb/E:/fr-media/ukarcha028.mp3): the file doesn't exist
2016-07-28 12:17:58 1.5.3 playSound(/Users/adam/fullrecalldb/E:/fr-media/ukarcha028.mp3): the file doesn't exist
2016-07-28 12:17:58 1.5.3 playSound(/Users/adam/fullrecalldb/E:/fr-media/ukarcha028.mp3): the file doesn't exist
2016-07-28 12:17:58 1.5.3 playSound(/Users/adam/fullrecalldb/E:/fr-media/ukarcha028.mp3): the file doesn't exist
2016-07-28 12:17:58 1.5.3 playSound(/Users/adam/fullrecalldb/E:/fr-media/ukarcha028.mp3): the file doesn't exist
2016-07-28 12:17:58 1.5.3 playSound(/Users/adam/fullrecalldb/E:/fr-media/ukarcha028.mp3): the file doesn't exist
2016-07-28 12:18:09 1.5.3 playSound(/Users/adam/fullrecalldb/snds/ukarcha028.mp3): the file doesn't exist
2016-07-28 12:18:10 1.5.3 playSound(/Users/adam/fullrecalldb/snds/ukarcha028.mp3): the file doesn't exist
2016-07-28 12:18:10 1.5.3 playSound(/Users/adam/fullrecalldb/snds/ukarcha028.mp3): the file doesn't exist
2016-07-28 12:18:10 1.5.3 playSound(/Users/adam/fullrecalldb/snds/ukarcha028.mp3): the file doesn't exist
2016-07-28 12:18:11 1.5.3 playSound(/Users/adam/fullrecalldb/snds/ukarcha028.mp3): the file doesn't exist
2016-07-28 12:18:11 1.5.3 playSound(/Users/adam/fullrecalldb/snds/ukarcha028.mp3): the file doesn't exist
2016-07-29 12:32:20 1.5.3 playSound(/Users/adam/fullrecalldb/E:/fr-media/ukneptu025.mp3): the file doesn't exist
2016-07-29 12:32:31 1.5.3 playSound(/Users/adam/fullrecalldb/E:/fr-media/ukneptu025.mp3): the file doesn't exist
2016-07-29 12:32:49 1.5.3 playSound(/Users/adam/fullrecalldb/snds/ukneptu025.mp3): the file doesn't exist
2016-07-29 12:32:50 1.5.3 playSound(/Users/adam/fullrecalldb/snds/ukneptu025.mp3): the file doesn't exist
2016-07-29 12:32:50 1.5.3 playSound(/Users/adam/fullrecalldb/snds/ukneptu025.mp3): the file doesn't exist
2016-07-29 12:34:15 1.5.3 playSound(/Users/adam/fullrecalldb/E:/fr-media/ukthroa011.mp3): the file doesn't exist
2016-07-29 12:34:27 1.5.3 playSound(/Users/adam/fullrecalldb/snds/ukthroa011.mp3): the file doesn't exist
2016-07-29 12:34:28 1.5.3 playSound(/Users/adam/fullrecalldb/snds/ukthroa011.mp3): the file doesn't exist
2016-07-29 12:34:28 1.5.3 playSound(/Users/adam/fullrecalldb/snds/ukthroa011.mp3): the file doesn't exist
2016-07-29 12:35:45 1.5.3 playSound(/Users/adam/fullrecalldb/E:/fr-media/cuk03141.mp3): the file doesn't exist
2016-07-29 12:35:48 1.5.3 playSound(/Users/adam/fullrecalldb/E:/fr-media/cuk03141.mp3): the file doesn't exist
2016-07-29 12:36:35 1.5.3 playSound(/Users/adam/fullrecalldb/E:/fr-media/cuk03141.mp3): the file doesn't exist
2016-07-29 12:38:53 1.5.3 playSound(/Users/adam/fullrecalldb/E:/fr-media/ukperpe012.mp3): the file doesn't exist
2016-07-29 12:39:08 1.5.3 playSound(/Users/adam/fullrecalldb/E:/fr-media/ukperpe012.mp3): the file doesn't exist
2016-07-29 12:39:19 1.5.3 playSound(/Users/adam/fullrecalldb/snds/ukperpe012.mp3): the file doesn't exist
2016-07-29 12:39:19 1.5.3 playSound(/Users/adam/fullrecalldb/snds/ukperpe012.mp3): the file doesn't exist
2016-07-29 12:39:20 1.5.3 playSound(/Users/adam/fullrecalldb/snds/ukperpe012.mp3): the file doesn't exist
2016-07-29 12:40:16 1.5.3 playSound(/Users/adam/fullrecalldb/E:/fr-media/uklaidb003.mp3): the file doesn't exist
2016-07-29 12:40:17 1.5.3 playSound(/Users/adam/fullrecalldb/E:/fr-media/uklaidb003.mp3): the file doesn't exist
2016-07-29 12:40:18 1.5.3 playSound(/Users/adam/fullrecalldb/E:/fr-media/uklaidb003.mp3): the file doesn't exist
2016-07-29 12:40:18 1.5.3 playSound(/Users/adam/fullrecalldb/E:/fr-media/uklaidb003.mp3): the file doesn't exist
2016-07-29 12:40:19 1.5.3 playSound(/Users/adam/fullrecalldb/E:/fr-media/uklaidb003.mp3): the file doesn't exist
2016-07-29 12:44:14 1.5.3 playSound(/Users/adam/fullrecalldb/E:/fr-media/ukfault029.mp3): the file doesn't exist
2016-07-29 12:44:25 1.5.3 playSound(/Users/adam/fullrecalldb/snds/ukfault029.mp3): the file doesn't exist
2016-07-29 12:44:26 1.5.3 playSound(/Users/adam/fullrecalldb/snds/ukfault029.mp3): the file doesn't exist
2016-07-29 12:44:27 1.5.3 playSound(/Users/adam/fullrecalldb/snds/ukfault029.mp3): the file doesn't exist
2016-07-30 23:34:26 1.5.3 playSound(/Users/adam/fullrecalldb/E:/fr-media/ukhoove015.mp3): the file doesn't exist
2016-07-30 23:34:29 1.5.3 playSound(/Users/adam/fullrecalldb/E:/fr-media/ukhoove015.mp3): the file doesn't exist
2016-07-30 23:34:30 1.5.3 playSound(/Users/adam/fullrecalldb/E:/fr-media/ukhoove015.mp3): the file doesn't exist
2016-07-30 23:34:41 1.5.3 playSound(/Users/adam/fullrecalldb/snds/ukhoove015.mp3): the file doesn't exist
2016-08-01 15:18:42 1.5.3 playSound(/Users/adam/fullrecalldb/E:/fr-media/ukearma015.mp3): the file doesn't exist
2016-08-01 15:18:45 1.5.3 playSound(/Users/adam/fullrecalldb/E:/fr-media/ukearma015.mp3): the file doesn't exist
2016-08-01 15:18:46 1.5.3 playSound(/Users/adam/fullrecalldb/E:/fr-media/ukearma015.mp3): the file doesn't exist
